INFO:requests.packages.urllib3.connectionpool:Starting new HTTP connection (1): 192.249.57.162
INFO:requests.packages.urllib3.connectionpool:Starting new HTTP connection (1): 192.249.57.162
INFO:requests.packages.urllib3.connectionpool:Starting new HTTP connection (1): 192.249.57.162
INFO:requests.packages.urllib3.connectionpool:Starting new HTTP connection (1): 192.249.57.162
INFO:requests.packages.urllib3.connectionpool:Starting new HTTP connection (1): 192.249.57.162
INFO:requests.packages.urllib3.connectionpool:Starting new HTTP connection (1): 192.249.57.162
INFO:requests.packages.urllib3.connectionpool:Starting new HTTP connection (1): 192.249.57.162
INFO:requests.packages.urllib3.connectionpool:Starting new HTTP connection (1): 192.249.57.162
INFO:requests.packages.urllib3.connectionpool:Starting new HTTP connection (1): 192.249.57.162
INFO:requests.packages.urllib3.connectionpool:Starting new HTTP connection (1): 192.249.57.162
INFO:requests.packages.urllib3.connectionpool:Starting new HTTP connection (1): 192.249.57.162
Sonar ==> alert  {u'1': u'179', u'2': u'438'}
Sonar ==> alert  {u'1': u'178', u'2': u'445'}
Sonar ==> alert  {u'1': u'178', u'2': u'476'}
Sonar ==> alert  {u'1': u'178', u'2': u'504'}
Sonar ==> alert  {u'1': u'178', u'2': u'521'}
Sonar ==> alert  {u'1': u'178', u'2': u'499'}
Sonar ==> alert  {u'1': u'178', u'2': u'485'}
Sonar ==> alert  {u'1': u'178', u'2': u'449'}
Sonar ==> alert  {u'1': u'178', u'2': u'452'}
Sonar ==> alert  {u'1': u'178', u'2': u'425'}
Sonar ==> alert  {u'1': u'178', u'2': u'454'}
Sonar ==> alert  {u'1': u'179', u'2': u'432'}
Sonar ==> alert  {u'1': u'179', u'2': u'461'}
Sonar ==> alert  {u'1': u'179', u'2': u'442'}
Sonar ==> alert  {u'1': u'179', u'2': u'474'}
Sonar ==> alert  {u'1': u'178', u'2': u'467'}
Sonar ==> alert  {u'1': u'178', u'2': u'457'}
Sonar ==> alert  {u'1': u'178', u'2': u'437'}
Sonar ==> alert  {u'1': u'178', u'2': u'415'}
Sonar ==> alert  {u'1': u'179', u'2': u'431'}
Sonar ==> alert  {u'1': u'179', u'2': u'405'}
Sonar ==> alert  {u'1': u'178', u'2': u'422'}
Sonar ==> alert  {u'1': u'178', u'2': u'415'}
Sonar ==> alert  {u'1': u'178', u'2': u'448'}
Sonar ==> alert  {u'1': u'178', u'2': u'440'}
Sonar ==> alert  {u'1': u'178', u'2': u'456'}
Sonar ==> alert  {u'1': u'178', u'2': u'448'}
Sonar ==> alert  {u'1': u'178', u'2': u'426'}
Sonar ==> alert  {u'1': u'178', u'2': u'407'}
Sonar ==> alert  {u'1': u'178', u'2': u'423'}
Sonar ==> alert  {u'1': u'179', u'2': u'440'}
Sonar ==> alert  {u'1': u'178', u'2': u'469'}
Sonar ==> alert  {u'1': u'179', u'2': u'447'}
Sonar ==> alert  {u'1': u'179', u'2': u'479'}
Sonar ==> alert  {u'1': u'180', u'2': u'475'}
Sonar ==> alert  {u'1': u'179', u'2': u'466'}
Sonar ==> alert  {u'1': u'179', u'2': u'444'}
Sonar ==> alert  {u'1': u'178', u'2': u'421'}
Sonar ==> alert  {u'1': u'178', u'2': u'440'}
Sonar ==> alert  {u'1': u'178', u'2': u'434'}
Sonar ==> alert  {u'1': u'178', u'2': u'451'}
Sonar ==> alert  {u'1': u'178', u'2': u'444'}
Sonar ==> alert  {u'1': u'178', u'2': u'459'}
Sonar ==> alert  {u'1': u'178', u'2': u'453'}
Sonar ==> alert  {u'1': u'178', u'2': u'470'}
Sonar ==> alert  {u'1': u'178', u'2': u'465'}
Sonar ==> alert  {u'1': u'178', u'2': u'484'}
Sonar ==> alert  {u'1': u'178', u'2': u'463'}
Sonar ==> alert  {u'1': u'178', u'2': u'479'}
Sonar ==> alert  {u'1': u'178', u'2': u'455'}
Sonar ==> alert  {u'1': u'178', u'2': u'487'}
Sonar ==> alert  {u'1': u'178', u'2': u'464'}
Sonar ==> alert  {u'1': u'178', u'2': u'457'}
Sonar ==> alert  {u'1': u'178', u'2': u'435'}
Sonar ==> alert  {u'1': u'178', u'2': u'434'}
Sonar ==> alert  {u'1': u'178', u'2': u'451'}
Sonar ==> alert  {u'1': u'179', u'2': u'444'}
Sonar ==> alert  {u'1': u'179', u'2': u'456'}
Sonar ==> alert  {u'1': u'179', u'2': u'501'}
Sonar ==> alert  {u'1': u'178', u'2': u'516'}
Sonar ==> alert  {u'1': u'178', u'2': u'511'}
Sonar ==> alert  {u'1': u'179', u'2': u'437'}
Sonar ==> alert  {u'1': u'178', u'2': u'414'}
Sonar ==> alert  {u'1': u'178', u'2': u'388'}
Sonar ==> alert  {u'1': u'178', u'2': u'350'}
Sonar ==> alert  {u'1': u'179', u'2': u'382'}
Sonar ==> alert  {u'1': u'178', u'2': u'416'}
Sonar ==> alert  {u'1': u'178', u'2': u'462'}
Sonar ==> alert  {u'1': u'178', u'2': u'439'}
Sonar ==> alert  {u'1': u'178', u'2': u'417'}
Sonar ==> alert  {u'1': u'178', u'2': u'445'}
Sonar ==> alert  {u'1': u'178', u'2': u'439'}
Sonar ==> alert  {u'1': u'178', u'2': u'415'}
Sonar ==> alert  {u'1': u'179', u'2': u'382'}
Sonar ==> alert  {u'1': u'179', u'2': u'361'}
Sonar ==> alert  {u'1': u'179', u'2': u'392'}
Sonar ==> alert  {u'1': u'179', u'2': u'426'}
Sonar ==> alert  {u'1': u'178', u'2': u'460'}
Sonar ==> alert  {u'1': u'178', u'2': u'437'}
Sonar ==> alert  {u'1': u'178', u'2': u'430'}
Sonar ==> alert  {u'1': u'178', u'2': u'405'}
Sonar ==> alert  {u'1': u'178', u'2': u'445'}
Sonar ==> alert  {u'1': u'178', u'2': u'421'}
Sonar ==> alert  {u'1': u'178', u'2': u'454'}
Sonar ==> alert  {u'1': u'179', u'2': u'425'}
Sonar ==> alert  {u'1': u'179', u'2': u'442'}
Sonar ==> alert  {u'1': u'178', u'2': u'457'}
Sonar ==> alert  {u'1': u'178', u'2': u'477'}
Sonar ==> alert  {u'1': u'178', u'2': u'456'}
SoINFO:requests.packages.urllib3.connectionpool:Starting new HTTP connection (1): 192.249.57.162
INFO:requests.packages.urllib3.connectionpool:Starting new HTTP connection (1): 192.249.57.162
INFO:requests.packages.urllib3.connectionpool:Starting new HTTP connection (1): 192.249.57.162
INFO:requests.packages.urllib3.connectionpool:Starting new HTTP connection (1): 192.249.57.162
INFO:requests.packages.urllib3.connectionpool:Starting new HTTP connection (1): 192.249.57.162
INFO:requests.packages.urllib3.connectionpool:Starting new HTTP connection (1): 192.249.57.162
INFO:requests.packages.urllib3.connectionpool:Starting new HTTP connection (1): 192.249.57.162
INFO:requests.packages.urllib3.connectionpool:Starting new HTTP connection (1): 192.249.57.162
INFO:requests.packages.urllib3.connectionpool:Starting new HTTP connection (1): 192.249.57.162
INFO:requests.packages.urllib3.connectionpool:Starting new HTTP connection (1): 192.249.57.162
INFO:requests.packages.urllib3.connectionpool:Starting new HTTP connection (1): 192.249.57.162
nar ==> alert  {u'1': u'178', u'2': u'436'}
Sonar ==> alert  {u'1': u'178', u'2': u'412'}
Sonar ==> alert  {u'1': u'178', u'2': u'444'}
Sonar ==> alert  {u'1': u'178', u'2': u'438'}
Sonar ==> alert  {u'1': u'179', u'2': u'431'}
Sonar ==> alert  {u'1': u'179', u'2': u'407'}
Sonar ==> alert  {u'1': u'179', u'2': u'384'}
Sonar ==> alert  {u'1': u'179', u'2': u'402'}
Sonar ==> alert  {u'1': u'179', u'2': u'396'}
Sonar ==> alert  {u'1': u'179', u'2': u'414'}
Sonar ==> alert  {u'1': u'179', u'2': u'407'}
Sonar ==> alert  {u'1': u'178', u'2': u'423'}
Sonar ==> alert  {u'1': u'178', u'2': u'418'}
Sonar ==> alert  {u'1': u'178', u'2': u'435'}
Sonar ==> alert  {u'1': u'179', u'2': u'428'}
Sonar ==> alert  {u'1': u'179', u'2': u'461'}
Sonar ==> alert  {u'1': u'179', u'2': u'491'}
Sonar ==> alert  {u'1': u'178', u'2': u'509'}
Sonar ==> alert  {u'1': u'178', u'2': u'485'}
Sonar ==> alert  {u'1': u'178', u'2': u'468'}
Sonar ==> alert  {u'1': u'178', u'2': u'460'}
Sonar ==> alert  {u'1': u'178', u'2': u'479'}
Sonar ==> alert  {u'1': u'178', u'2': u'470'}
Sonar ==> alert  {u'1': u'178', u'2': u'486'}
Sonar ==> alert  {u'1': u'178', u'2': u'480'}
Sonar ==> alert  {u'1': u'178', u'2': u'494'}
Sonar ==> alert  {u'1': u'179', u'2': u'489'}
Sonar ==> alert  {u'1': u'178', u'2': u'463'}
Sonar ==> alert  {u'1': u'178', u'2': u'449'}
Sonar ==> alert  {u'1': u'178', u'2': u'428'}
Sonar ==> alert  {u'1': u'178', u'2': u'447'}
Sonar ==> alert  {u'1': u'178', u'2': u'436'}
Sonar ==> alert  {u'1': u'178', u'2': u'452'}
Sonar ==> alert  {u'1': u'178', u'2': u'444'}
Sonar ==> alert  {u'1': u'178', u'2': u'460'}
Sonar ==> alert  {u'1': u'178', u'2': u'453'}
Sonar ==> alert  {u'1': u'178', u'2': u'472'}
Sonar ==> alert  {u'1': u'178', u'2': u'467'}
Sonar ==> alert  {u'1': u'178', u'2': u'484'}
Sonar ==> alert  {u'1': u'178', u'2': u'478'}
Sonar ==> alert  {u'1': u'178', u'2': u'494'}
Sonar ==> alert  {u'1': u'178', u'2': u'490'}
Sonar ==> alert  {u'1': u'178', u'2': u'506'}
Sonar ==> alert  {u'1': u'178', u'2': u'499'}
Sonar ==> alert  {u'1': u'178', u'2': u'526'}
Sonar ==> alert  {u'1': u'178', u'2': u'508'}
Sonar ==> alert  {u'1': u'178', u'2': u'484'}
Sonar ==> alert  {u'1': u'178', u'2': u'467'}
Sonar ==> alert  {u'1': u'178', u'2': u'454'}
Sonar ==> alert  {u'1': u'178', u'2': u'473'}
Sonar ==> alert  {u'1': u'179', u'2': u'448'}
Sonar ==> alert  {u'1': u'179', u'2': u'467'}
Sonar ==> alert  {u'1': u'179', u'2': u'459'}
Sonar ==> alert  {u'1': u'178', u'2': u'477'}
Sonar ==> alert  {u'1': u'179', u'2': u'494'}
Sonar ==> alert  {u'1': u'179', u'2': u'513'}
Sonar ==> alert  {u'1': u'178', u'2': u'505'}
Sonar ==> alert  {u'1': u'178', u'2': u'496'}
Sonar ==> alert  {u'1': u'178', u'2': u'488'}
Sonar ==> alert  {u'1': u'178', u'2': u'464'}
Sonar ==> alert  {u'1': u'178', u'2': u'457'}
Sonar ==> alert  {u'1': u'179', u'2': u'471'}
Sonar ==> alert  {u'1': u'179', u'2': u'506'}
Sonar ==> alert  {u'1': u'179', u'2': u'523'}
Sonar ==> alert  {u'1': u'179', u'2': u'503'}
Sonar ==> alert  {u'1': u'178', u'2': u'518'}
Sonar ==> alert  {u'1': u'178', u'2': u'496'}
Sonar ==> alert  {u'1': u'178', u'2': u'490'}
Sonar ==> alert  {u'1': u'179', u'2': u'468'}
Sonar ==> alert  {u'1': u'179', u'2': u'497'}
Sonar ==> alert  {u'1': u'179', u'2': u'513'}
Sonar ==> alert  {u'1': u'179', u'2': u'510'}
Sonar ==> alert  {u'1': u'179', u'2': u'490'}
Sonar ==> alert  {u'1': u'179', u'2': u'483'}
Sonar ==> alert  {u'1': u'178', u'2': u'495'}
Sonar ==> alert  {u'1': u'178', u'2': u'475'}
Sonar ==> alert  {u'1': u'178', u'2': u'450'}
Sonar ==> alert  {u'1': u'178', u'2': u'445'}
Sonar ==> alert  {u'1': u'178', u'2': u'498'}
Sonar ==> alert  {u'1': u'178', u'2': u'567'}
Sonar ==> alert  {u'1': u'178', u'2': u'580'}
Sonar ==> alert  {u'1': u'178', u'2': u'552'}
Sonar ==> alert  {u'1': u'178', u'2': u'529'}
Sonar ==> alert  {u'1': u'178', u'2': u'526'}
Sonar ==> alert  {u'1': u'178', u'2': u'503'}
Sonar ==> alert  {u'1': u'178', u'2': u'485'}
Sonar ==> alert  {u'1': u'178', u'2': u'461'}
Sonar ==> alert  {u'1': u'178', u'2': u'477'}
Sonar ==> alert  {u'1': u'178', u'2': u'470'}
SonaINFO:requests.packages.urllib3.connectionpool:Starting new HTTP connection (1): 192.249.57.162
INFO:requests.packages.urllib3.connectionpool:Starting new HTTP connection (1): 192.249.57.162
INFO:requests.packages.urllib3.connectionpool:Starting new HTTP connection (1): 192.249.57.162
INFO:requests.packages.urllib3.connectionpool:Starting new HTTP connection (1): 192.249.57.162
INFO:requests.packages.urllib3.connectionpool:Starting new HTTP connection (1): 192.249.57.162
INFO:requests.packages.urllib3.connectionpool:Starting new HTTP connection (1): 192.249.57.162
INFO:requests.packages.urllib3.connectionpool:Starting new HTTP connection (1): 192.249.57.162
INFO:requests.packages.urllib3.connectionpool:Starting new HTTP connection (1): 192.249.57.162
INFO:requests.packages.urllib3.connectionpool:Starting new HTTP connection (1): 192.249.57.162
INFO:requests.packages.urllib3.connectionpool:Starting new HTTP connection (1): 192.249.57.162
INFO:requests.packages.urllib3.connectionpool:Starting new HTTP connection (1): 192.249.57.162
INFO:requests.packages.urllib3.connectionpool:Starting new HTTP connection (1): 192.249.57.162
r ==> alert  {u'1': u'178', u'2': u'486'}
Sonar ==> alert  {u'1': u'178', u'2': u'465'}
Sonar ==> alert  {u'1': u'178', u'2': u'481'}
Sonar ==> alert  {u'1': u'178', u'2': u'475'}
Sonar ==> alert  {u'1': u'179', u'2': u'465'}
Sonar ==> alert  {u'1': u'178', u'2': u'461'}
Sonar ==> alert  {u'1': u'178', u'2': u'437'}
Sonar ==> alert  {u'1': u'178', u'2': u'457'}
Sonar ==> alert  {u'1': u'178', u'2': u'434'}
Sonar ==> alert  {u'1': u'178', u'2': u'459'}
Sonar ==> alert  {u'1': u'178', u'2': u'452'}
Sonar ==> alert  {u'1': u'178', u'2': u'469'}
Sonar ==> alert  {u'1': u'178', u'2': u'456'}
Sonar ==> alert  {u'1': u'178', u'2': u'474'}
Sonar ==> alert  {u'1': u'178', u'2': u'467'}
Sonar ==> alert  {u'1': u'178', u'2': u'486'}
Sonar ==> alert  {u'1': u'178', u'2': u'478'}
Sonar ==> alert  {u'1': u'178', u'2': u'495'}
Sonar ==> alert  {u'1': u'178', u'2': u'473'}
Sonar ==> alert  {u'1': u'179', u'2': u'452'}
Sonar ==> alert  {u'1': u'179', u'2': u'429'}
Sonar ==> alert  {u'1': u'179', u'2': u'405'}
Sonar ==> alert  {u'1': u'178', u'2': u'422'}
Sonar ==> alert  {u'1': u'179', u'2': u'415'}
Sonar ==> alert  {u'1': u'179', u'2': u'450'}
Sonar ==> alert  {u'1': u'179', u'2': u'443'}
Sonar ==> alert  {u'1': u'179', u'2': u'463'}
Sonar ==> alert  {u'1': u'179', u'2': u'457'}
Sonar ==> alert  {u'1': u'179', u'2': u'476'}
Sonar ==> alert  {u'1': u'178', u'2': u'468'}
Sonar ==> alert  {u'1': u'178', u'2': u'484'}
Sonar ==> alert  {u'1': u'178', u'2': u'479'}
Sonar ==> alert  {u'1': u'178', u'2': u'496'}
Sonar ==> alert  {u'1': u'178', u'2': u'473'}
Sonar ==> alert  {u'1': u'178', u'2': u'501'}
Sonar ==> alert  {u'1': u'178', u'2': u'479'}
Sonar ==> alert  {u'1': u'177', u'2': u'474'}
Sonar ==> alert  {u'1': u'178', u'2': u'440'}
Sonar ==> alert  {u'1': u'178', u'2': u'436'}
Sonar ==> alert  {u'1': u'178', u'2': u'413'}
Sonar ==> alert  {u'1': u'178', u'2': u'391'}
Sonar ==> alert  {u'1': u'178', u'2': u'407'}
Sonar ==> alert  {u'1': u'178', u'2': u'378'}
Sonar ==> alert  {u'1': u'178', u'2': u'413'}
Sonar ==> alert  {u'1': u'178', u'2': u'390'}
Sonar ==> alert  {u'1': u'178', u'2': u'432'}
Sonar ==> alert  {u'1': u'178', u'2': u'425'}
Sonar ==> alert  {u'1': u'178', u'2': u'419'}
Sonar ==> alert  {u'1': u'179', u'2': u'439'}
Sonar ==> alert  {u'1': u'179', u'2': u'417'}
Sonar ==> alert  {u'1': u'178', u'2': u'435'}
Sonar ==> alert  {u'1': u'178', u'2': u'430'}
Sonar ==> alert  {u'1': u'179', u'2': u'448'}
Sonar ==> alert  {u'1': u'179', u'2': u'442'}
Sonar ==> alert  {u'1': u'178', u'2': u'460'}
Sonar ==> alert  {u'1': u'178', u'2': u'455'}
Sonar ==> alert  {u'1': u'178', u'2': u'433'}
Sonar ==> alert  {u'1': u'178', u'2': u'422'}
Sonar ==> alert  {u'1': u'178', u'2': u'398'}
Sonar ==> alert  {u'1': u'178', u'2': u'418'}
Sonar ==> alert  {u'1': u'178', u'2': u'390'}
Sonar ==> alert  {u'1': u'178', u'2': u'411'}
Sonar ==> alert  {u'1': u'179', u'2': u'405'}
Sonar ==> alert  {u'1': u'179', u'2': u'434'}
Sonar ==> alert  {u'1': u'178', u'2': u'429'}
Sonar ==> alert  {u'1': u'177', u'2': u'446'}
Sonar ==> alert  {u'1': u'177', u'2': u'439'}
Sonar ==> alert  {u'1': u'178', u'2': u'416'}
Sonar ==> alert  {u'1': u'178', u'2': u'409'}
Sonar ==> alert  {u'1': u'178', u'2': u'387'}
Sonar ==> alert  {u'1': u'178', u'2': u'406'}
Sonar ==> alert  {u'1': u'179', u'2': u'426'}
Sonar ==> alert  {u'1': u'179', u'2': u'446'}
Sonar ==> alert  {u'1': u'180', u'2': u'439'}
Sonar ==> alert  {u'1': u'179', u'2': u'419'}
Sonar ==> alert  {u'1': u'179', u'2': u'412'}
Sonar ==> alert  {u'1': u'178', u'2': u'392'}
Sonar ==> alert  {u'1': u'178', u'2': u'386'}
Sonar ==> alert  {u'1': u'178', u'2': u'405'}
Sonar ==> alert  {u'1': u'178', u'2': u'425'}
Sonar ==> alert  {u'1': u'178', u'2': u'444'}
Sonar ==> alert  {u'1': u'178', u'2': u'424'}
Sonar ==> alert  {u'1': u'178', u'2': u'476'}
Sonar ==> alert  {u'1': u'178', u'2': u'470'}
Sonar ==> alert  {u'1': u'178', u'2': u'502'}
Sonar ==> alert  {u'1': u'178', u'2': u'462'}
Sonar ==> alert  {u'1': u'178', u'2': u'442'}
Sonar ==> alert  {u'1': u'178', u'2': u'422'}
Sonar ==> alert  {u'1': u'178', u'2': u'416'}
Sonar INFO:requests.packages.urllib3.connectionpool:Starting new HTTP connection (1): 192.249.57.162
INFO:requests.packages.urllib3.connectionpool:Starting new HTTP connection (1): 192.249.57.162
INFO:requests.packages.urllib3.connectionpool:Starting new HTTP connection (1): 192.249.57.162
INFO:requests.packages.urllib3.connectionpool:Starting new HTTP connection (1): 192.249.57.162
INFO:requests.packages.urllib3.connectionpool:Starting new HTTP connection (1): 192.249.57.162
INFO:requests.packages.urllib3.connectionpool:Starting new HTTP connection (1): 192.249.57.162
INFO:requests.packages.urllib3.connectionpool:Starting new HTTP connection (1): 192.249.57.162
INFO:requests.packages.urllib3.connectionpool:Starting new HTTP connection (1): 192.249.57.162
INFO:requests.packages.urllib3.connectionpool:Starting new HTTP connection (1): 192.249.57.162
INFO:requests.packages.urllib3.connectionpool:Starting new HTTP connection (1): 192.249.57.162
INFO:requests.packages.urllib3.connectionpool:Starting new HTTP connection (1): 192.249.57.162
==> alert  {u'1': u'178', u'2': u'434'}
Sonar ==> alert  {u'1': u'178', u'2': u'429'}
Sonar ==> alert  {u'1': u'178', u'2': u'449'}
Sonar ==> alert  {u'1': u'178', u'2': u'427'}
Sonar ==> alert  {u'1': u'178', u'2': u'445'}
Sonar ==> alert  {u'1': u'178', u'2': u'440'}
Sonar ==> alert  {u'1': u'178', u'2': u'432'}
Sonar ==> alert  {u'1': u'178', u'2': u'411'}
Sonar ==> alert  {u'1': u'178', u'2': u'373'}
Sonar ==> alert  {u'1': u'178', u'2': u'395'}
Sonar ==> alert  {u'1': u'178', u'2': u'442'}
Sonar ==> alert  {u'1': u'178', u'2': u'476'}
Sonar ==> alert  {u'1': u'178', u'2': u'469'}
Sonar ==> alert  {u'1': u'178', u'2': u'434'}
Sonar ==> alert  {u'1': u'178', u'2': u'428'}
Sonar ==> alert  {u'1': u'178', u'2': u'447'}
Sonar ==> alert  {u'1': u'178', u'2': u'426'}
Sonar ==> alert  {u'1': u'178', u'2': u'404'}
Sonar ==> alert  {u'1': u'179', u'2': u'397'}
Sonar ==> alert  {u'1': u'179', u'2': u'389'}
Sonar ==> alert  {u'1': u'179', u'2': u'425'}
Sonar ==> alert  {u'1': u'179', u'2': u'401'}
Sonar ==> alert  {u'1': u'179', u'2': u'437'}
Sonar ==> alert  {u'1': u'179', u'2': u'413'}
Sonar ==> alert  {u'1': u'179', u'2': u'442'}
Sonar ==> alert  {u'1': u'178', u'2': u'420'}
Sonar ==> alert  {u'1': u'178', u'2': u'398'}
Sonar ==> alert  {u'1': u'178', u'2': u'369'}
Sonar ==> alert  {u'1': u'178', u'2': u'387'}
Sonar ==> alert  {u'1': u'178', u'2': u'408'}
Sonar ==> alert  {u'1': u'178', u'2': u'403'}
Sonar ==> alert  {u'1': u'178', u'2': u'425'}
Sonar ==> alert  {u'1': u'178', u'2': u'459'}
Sonar ==> alert  {u'1': u'178', u'2': u'495'}
Sonar ==> alert  {u'1': u'179', u'2': u'442'}
Sonar ==> alert  {u'1': u'179', u'2': u'421'}
Sonar ==> alert  {u'1': u'179', u'2': u'399'}
Sonar ==> alert  {u'1': u'179', u'2': u'420'}
Sonar ==> alert  {u'1': u'179', u'2': u'414'}
Sonar ==> alert  {u'1': u'178', u'2': u'432'}
Sonar ==> alert  {u'1': u'178', u'2': u'427'}
Sonar ==> alert  {u'1': u'178', u'2': u'446'}
Sonar ==> alert  {u'1': u'179', u'2': u'442'}
Sonar ==> alert  {u'1': u'179', u'2': u'422'}
Sonar ==> alert  {u'1': u'178', u'2': u'414'}
Sonar ==> alert  {u'1': u'178', u'2': u'431'}
Sonar ==> alert  {u'1': u'178', u'2': u'447'}
Sonar ==> alert  {u'1': u'178', u'2': u'425'}
Sonar ==> alert  {u'1': u'178', u'2': u'403'}
Sonar ==> alert  {u'1': u'178', u'2': u'398'}
Sonar ==> alert  {u'1': u'178', u'2': u'417'}
Sonar ==> alert  {u'1': u'178', u'2': u'411'}
Sonar ==> alert  {u'1': u'178', u'2': u'428'}
Sonar ==> alert  {u'1': u'178', u'2': u'422'}
Sonar ==> alert  {u'1': u'178', u'2': u'398'}
Sonar ==> alert  {u'1': u'178', u'2': u'381'}
Sonar ==> alert  {u'1': u'178', u'2': u'359'}
Sonar ==> alert  {u'1': u'178', u'2': u'381'}
Sonar ==> alert  {u'1': u'178', u'2': u'411'}
Sonar ==> alert  {u'1': u'178', u'2': u'430'}
Sonar ==> alert  {u'1': u'178', u'2': u'425'}
Sonar ==> alert  {u'1': u'178', u'2': u'407'}
Sonar ==> alert  {u'1': u'178', u'2': u'438'}
Sonar ==> alert  {u'1': u'179', u'2': u'457'}
Sonar ==> alert  {u'1': u'179', u'2': u'448'}
Sonar ==> alert  {u'1': u'179', u'2': u'430'}
Sonar ==> alert  {u'1': u'178', u'2': u'425'}
Sonar ==> alert  {u'1': u'178', u'2': u'445'}
Sonar ==> alert  {u'1': u'178', u'2': u'437'}
Sonar ==> alert  {u'1': u'178', u'2': u'415'}
Sonar ==> alert  {u'1': u'179', u'2': u'407'}
Sonar ==> alert  {u'1': u'179', u'2': u'428'}
Sonar ==> alert  {u'1': u'179', u'2': u'496'}
Sonar ==> alert  {u'1': u'178', u'2': u'514'}
Sonar ==> alert  {u'1': u'178', u'2': u'506'}
Sonar ==> alert  {u'1': u'178', u'2': u'489'}
Sonar ==> alert  {u'1': u'178', u'2': u'484'}
Sonar ==> alert  {u'1': u'178', u'2': u'502'}
Sonar ==> alert  {u'1': u'178', u'2': u'483'}
Sonar ==> alert  {u'1': u'178', u'2': u'501'}
Sonar ==> alert  {u'1': u'179', u'2': u'483'}
Sonar ==> alert  {u'1': u'179', u'2': u'513'}
Sonar ==> alert  {u'1': u'179', u'2': u'509'}
Sonar ==> alert  {u'1': u'179', u'2': u'536'}
Sonar ==> alert  {u'1': u'179', u'2': u'517'}
Sonar ==> alert  {u'1': u'178', u'2': u'495'}
Sonar ==> alert  {u'1': u'178', u'2': u'478'}
Sonar ==> alert  {u'1': u'178', u'2': u'473'}
Sonar ==> alert  {u'1': u'178', u'2': u'487'}
Sonar ==INFO:requests.packages.urllib3.connectionpool:Starting new HTTP connection (1): 192.249.57.162
INFO:requests.packages.urllib3.connectionpool:Starting new HTTP connection (1): 192.249.57.162
INFO:requests.packages.urllib3.connectionpool:Starting new HTTP connection (1): 192.249.57.162
INFO:requests.packages.urllib3.connectionpool:Starting new HTTP connection (1): 192.249.57.162
INFO:requests.packages.urllib3.connectionpool:Starting new HTTP connection (1): 192.249.57.162
INFO:requests.packages.urllib3.connectionpool:Starting new HTTP connection (1): 192.249.57.162
INFO:requests.packages.urllib3.connectionpool:Starting new HTTP connection (1): 192.249.57.162
INFO:requests.packages.urllib3.connectionpool:Starting new HTTP connection (1): 192.249.57.162
INFO:requests.packages.urllib3.connectionpool:Starting new HTTP connection (1): 192.249.57.162
INFO:requests.packages.urllib3.connectionpool:Starting new HTTP connection (1): 192.249.57.162
INFO:requests.packages.urllib3.connectionpool:Starting new HTTP connection (1): 192.249.57.162
> alert  {u'1': u'178', u'2': u'480'}
Sonar ==> alert  {u'1': u'178', u'2': u'494'}
Sonar ==> alert  {u'1': u'178', u'2': u'490'}
Sonar ==> alert  {u'1': u'177', u'2': u'465'}
Sonar ==> alert  {u'1': u'177', u'2': u'445'}
Sonar ==> alert  {u'1': u'178', u'2': u'406'}
Sonar ==> alert  {u'1': u'178', u'2': u'385'}
Sonar ==> alert  {u'1': u'179', u'2': u'378'}
Sonar ==> alert  {u'1': u'179', u'2': u'371'}
Sonar ==> alert  {u'1': u'179', u'2': u'390'}
Sonar ==> alert  {u'1': u'179', u'2': u'370'}
Sonar ==> alert  {u'1': u'179', u'2': u'391'}
Sonar ==> alert  {u'1': u'179', u'2': u'384'}
Sonar ==> alert  {u'1': u'178', u'2': u'401'}
Sonar ==> alert  {u'1': u'178', u'2': u'394'}
Sonar ==> alert  {u'1': u'178', u'2': u'411'}
Sonar ==> alert  {u'1': u'178', u'2': u'407'}
Sonar ==> alert  {u'1': u'178', u'2': u'425'}
Sonar ==> alert  {u'1': u'179', u'2': u'418'}
Sonar ==> alert  {u'1': u'178', u'2': u'434'}
Sonar ==> alert  {u'1': u'178', u'2': u'428'}
Sonar ==> alert  {u'1': u'178', u'2': u'449'}
Sonar ==> alert  {u'1': u'179', u'2': u'443'}
Sonar ==> alert  {u'1': u'178', u'2': u'421'}
Sonar ==> alert  {u'1': u'178', u'2': u'409'}
Sonar ==> alert  {u'1': u'178', u'2': u'386'}
Sonar ==> alert  {u'1': u'178', u'2': u'403'}
Sonar ==> alert  {u'1': u'178', u'2': u'380'}
Sonar ==> alert  {u'1': u'179', u'2': u'397'}
Sonar ==> alert  {u'1': u'179', u'2': u'390'}
Sonar ==> alert  {u'1': u'179', u'2': u'409'}
Sonar ==> alert  {u'1': u'179', u'2': u'401'}
Sonar ==> alert  {u'1': u'179', u'2': u'419'}
Sonar ==> alert  {u'1': u'178', u'2': u'404'}
Sonar ==> alert  {u'1': u'178', u'2': u'422'}
Sonar ==> alert  {u'1': u'178', u'2': u'416'}
Sonar ==> alert  {u'1': u'178', u'2': u'399'}
Sonar ==> alert  {u'1': u'178', u'2': u'378'}
Sonar ==> alert  {u'1': u'178', u'2': u'355'}
Sonar ==> alert  {u'1': u'178', u'2': u'392'}
Sonar ==> alert  {u'1': u'178', u'2': u'386'}
Sonar ==> alert  {u'1': u'178', u'2': u'419'}
Sonar ==> alert  {u'1': u'178', u'2': u'392'}
Sonar ==> alert  {u'1': u'178', u'2': u'425'}
Sonar ==> alert  {u'1': u'178', u'2': u'401'}
Sonar ==> alert  {u'1': u'178', u'2': u'421'}
Sonar ==> alert  {u'1': u'178', u'2': u'399'}
Sonar ==> alert  {u'1': u'178', u'2': u'419'}
Sonar ==> alert  {u'1': u'178', u'2': u'411'}
Sonar ==> alert  {u'1': u'179', u'2': u'426'}
Sonar ==> alert  {u'1': u'178', u'2': u'418'}
Sonar ==> alert  {u'1': u'178', u'2': u'396'}
Sonar ==> alert  {u'1': u'178', u'2': u'373'}
Sonar ==> alert  {u'1': u'178', u'2': u'393'}
Sonar ==> alert  {u'1': u'179', u'2': u'411'}
Sonar ==> alert  {u'1': u'179', u'2': u'444'}
Sonar ==> alert  {u'1': u'178', u'2': u'437'}
Sonar ==> alert  {u'1': u'179', u'2': u'428'}
Sonar ==> alert  {u'1': u'179', u'2': u'421'}
Sonar ==> alert  {u'1': u'179', u'2': u'436'}
Sonar ==> alert  {u'1': u'179', u'2': u'472'}
Sonar ==> alert  {u'1': u'178', u'2': u'489'}
Sonar ==> alert  {u'1': u'178', u'2': u'467'}
Sonar ==> alert  {u'1': u'178', u'2': u'444'}
Sonar ==> alert  {u'1': u'178', u'2': u'420'}
Sonar ==> alert  {u'1': u'178', u'2': u'396'}
Sonar ==> alert  {u'1': u'178', u'2': u'414'}
Sonar ==> alert  {u'1': u'178', u'2': u'408'}
Sonar ==> alert  {u'1': u'178', u'2': u'451'}
Sonar ==> alert  {u'1': u'178', u'2': u'443'}
Sonar ==> alert  {u'1': u'179', u'2': u'463'}
Sonar ==> alert  {u'1': u'179', u'2': u'431'}
Sonar ==> alert  {u'1': u'179', u'2': u'409'}
Sonar ==> alert  {u'1': u'179', u'2': u'398'}
Sonar ==> alert  {u'1': u'180', u'2': u'390'}
Sonar ==> alert  {u'1': u'180', u'2': u'408'}
Sonar ==> alert  {u'1': u'180', u'2': u'426'}
Sonar ==> alert  {u'1': u'179', u'2': u'444'}
Sonar ==> alert  {u'1': u'179', u'2': u'476'}
Sonar ==> alert  {u'1': u'178', u'2': u'470'}
Sonar ==> alert  {u'1': u'178', u'2': u'503'}
Sonar ==> alert  {u'1': u'178', u'2': u'480'}
Sonar ==> alert  {u'1': u'178', u'2': u'457'}
Sonar ==> alert  {u'1': u'178', u'2': u'433'}
Sonar ==> alert  {u'1': u'178', u'2': u'427'}
Sonar ==> alert  {u'1': u'179', u'2': u'445'}
Sonar ==> alert  {u'1': u'179', u'2': u'439'}
Sonar ==> alert  {u'1': u'178', u'2': u'413'}
Sonar ==> alert  {u'1': u'178', u'2': u'391'}
Sonar ==> INFO:requests.packages.urllib3.connectionpool:Starting new HTTP connection (1): 192.249.57.162
INFO:requests.packages.urllib3.connectionpool:Starting new HTTP connection (1): 192.249.57.162
INFO:requests.packages.urllib3.connectionpool:Starting new HTTP connection (1): 192.249.57.162
INFO:requests.packages.urllib3.connectionpool:Starting new HTTP connection (1): 192.249.57.162
INFO:requests.packages.urllib3.connectionpool:Starting new HTTP connection (1): 192.249.57.162
INFO:requests.packages.urllib3.connectionpool:Starting new HTTP connection (1): 192.249.57.162
